app/build/intermediates/manifest_merge_blame_file/release/manifest-merger-blame-release-report.txt
1<?xml version="1.0" encoding="utf-8"?>
2<manifest xmlns:android="http://schemas.android.com/apk/res/android"
3    package="com.mobdev.hellotabs"
4    android:versionCode="1"
5    android:versionName="1.0" >
6
7    <uses-sdk
8        android:minSdkVersion="14"
8-->src\main\AndroidManifest.xml
9        android:targetSdkVersion="29" />
9-->src\main\AndroidManifest.xml
10
11    <uses-permission android:name="android.permission.ACCESS_FINE_LOCATION" />
11-->src\main\AndroidManifest.xml:8:5-79
11-->src\main\AndroidManifest.xml:8:22-76
12    <uses-permission android:name="android.permission.FOREGROUND_SERVICE" />
12-->src\main\AndroidManifest.xml:9:5-76
12-->src\main\AndroidManifest.xml:9:22-74
13    <uses-permission android:name="android.permission.WRITE_EXTERNAL_STORAGE" />
13-->src\main\AndroidManifest.xml:10:5-81
13-->src\main\AndroidManifest.xml:10:22-78
14    <uses-permission android:name="android.permission.VIBRATE" />
14-->src\main\AndroidManifest.xml:11:5-66
14-->src\main\AndroidManifest.xml:11:22-63
15
16    <!-- Include required permissions for Google Maps API to run. -->
17    <uses-permission android:name="android.permission.ACCESS_NETWORK_STATE" />
17-->[com.google.android.gms:play-services-maps:17.0.0] AndroidManifest.xml:23:5-79
17-->[com.google.android.gms:play-services-maps:17.0.0] AndroidManifest.xml:23:22-76
18    <uses-permission android:name="android.permission.INTERNET" />
18-->[com.google.android.gms:play-services-maps:17.0.0] AndroidManifest.xml:24:5-67
18-->[com.google.android.gms:play-services-maps:17.0.0] AndroidManifest.xml:24:22-64
19
20    <uses-feature
20-->[com.google.android.gms:play-services-maps:17.0.0] AndroidManifest.xml:26:5-28:35
21        android:glEsVersion="0x00020000"
21-->[com.google.android.gms:play-services-maps:17.0.0] AndroidManifest.xml:27:9-41
22        android:required="true" />
22-->[com.google.android.gms:play-services-maps:17.0.0] AndroidManifest.xml:28:9-32
23
24    <application
24-->src\main\AndroidManifest.xml:13:5-54:19
25        android:allowBackup="true"
25-->src\main\AndroidManifest.xml:14:9-35
26        android:appComponentFactory="androidx.core.app.CoreComponentFactory"
26-->[androidx.core:core:1.1.0] AndroidManifest.xml:24:18-86
27        android:icon="@drawable/delivery"
27-->src\main\AndroidManifest.xml:15:9-42
28        android:label="@string/app_name"
28-->src\main\AndroidManifest.xml:16:9-41
29        android:theme="@style/AppTheme" >
29-->src\main\AndroidManifest.xml:17:9-40
30        <meta-data
30-->src\main\AndroidManifest.xml:19:9-21:55
31            android:name="com.google.android.geo.API_KEY"
31-->src\main\AndroidManifest.xml:20:13-58
32            android:value="@string/google_maps_key" />
32-->src\main\AndroidManifest.xml:21:13-52
33
34        <activity
34-->src\main\AndroidManifest.xml:23:9-32:20
35            android:name="com.mobdev.hellotabs.Activity.MainActivity"
35-->src\main\AndroidManifest.xml:24:13-70
36            android:label="@string/app_name"
36-->src\main\AndroidManifest.xml:25:13-45
37            android:theme="@style/AppTheme.NoActionBar" >
37-->src\main\AndroidManifest.xml:26:13-56
38            <intent-filter>
38-->src\main\AndroidManifest.xml:27:13-31:29
39                <action android:name="android.intent.action.MAIN" />
39-->src\main\AndroidManifest.xml:28:17-69
39-->src\main\AndroidManifest.xml:28:25-66
40
41                <category android:name="android.intent.category.LAUNCHER" />
41-->src\main\AndroidManifest.xml:30:17-77
41-->src\main\AndroidManifest.xml:30:27-74
42            </intent-filter>
43        </activity>
44        <activity
44-->src\main\AndroidManifest.xml:34:9-37:20
45            android:name="com.mobdev.hellotabs.Activity.InfoActivity"
45-->src\main\AndroidManifest.xml:35:13-70
46            android:theme="@style/AppTheme.NoActionBar" >
46-->src\main\AndroidManifest.xml:36:13-56
47        </activity>
48        <activity
48-->src\main\AndroidManifest.xml:39:9-42:20
49            android:name="com.mobdev.hellotabs.Activity.HistoryActivity"
49-->src\main\AndroidManifest.xml:40:13-73
50            android:theme="@style/AppTheme.NoActionBar" >
50-->src\main\AndroidManifest.xml:41:13-56
51        </activity>
52        <activity
52-->src\main\AndroidManifest.xml:44:9-47:20
53            android:name="com.mobdev.hellotabs.Activity.FilterActivity"
53-->src\main\AndroidManifest.xml:45:13-72
54            android:theme="@style/AppTheme.NoActionBar" >
54-->src\main\AndroidManifest.xml:46:13-56
55        </activity>
56
57        <service
57-->src\main\AndroidManifest.xml:49:9-52:55
58            android:name="services.LocationService"
58-->src\main\AndroidManifest.xml:49:18-57
59            android:enabled="true"
59-->src\main\AndroidManifest.xml:51:13-35
60            android:exported="false"
60-->src\main\AndroidManifest.xml:50:13-37
61            android:foregroundServiceType="location" />
61-->src\main\AndroidManifest.xml:52:13-53
62
63        <activity
63-->[pub.devrel:easypermissions:3.0.0] AndroidManifest.xml:12:9-16:66
64            android:name="pub.devrel.easypermissions.AppSettingsDialogHolderActivity"
64-->[pub.devrel:easypermissions:3.0.0] AndroidManifest.xml:13:13-86
65            android:exported="false"
65-->[pub.devrel:easypermissions:3.0.0] AndroidManifest.xml:14:13-37
66            android:label=""
66-->[pub.devrel:easypermissions:3.0.0] AndroidManifest.xml:15:13-29
67            android:theme="@style/EasyPermissions.Transparent" /> <!-- Needs to be explicitly declared on P+ -->
67-->[pub.devrel:easypermissions:3.0.0] AndroidManifest.xml:16:13-63
68        <uses-library
68-->[com.google.android.gms:play-services-maps:17.0.0] AndroidManifest.xml:33:9-35:40
69            android:name="org.apache.http.legacy"
69-->[com.google.android.gms:play-services-maps:17.0.0] AndroidManifest.xml:34:13-50
70            android:required="false" />
70-->[com.google.android.gms:play-services-maps:17.0.0] AndroidManifest.xml:35:13-37
71
72        <service
72-->[androidx.room:room-runtime:2.2.5] AndroidManifest.xml:25:9-28:40
73            android:name="androidx.room.MultiInstanceInvalidationService"
73-->[androidx.room:room-runtime:2.2.5] AndroidManifest.xml:26:13-74
74            android:directBootAware="true"
74-->[androidx.room:room-runtime:2.2.5] AndroidManifest.xml:27:13-43
75            android:exported="false" />
75-->[androidx.room:room-runtime:2.2.5] AndroidManifest.xml:28:13-37
76
77        <activity
77-->[com.google.android.gms:play-services-base:17.0.0] AndroidManifest.xml:23:9-26:75
78            android:name="com.google.android.gms.common.api.GoogleApiActivity"
78-->[com.google.android.gms:play-services-base:17.0.0] AndroidManifest.xml:24:13-79
79            android:exported="false"
79-->[com.google.android.gms:play-services-base:17.0.0] AndroidManifest.xml:25:13-37
80            android:theme="@android:style/Theme.Translucent.NoTitleBar" />
80-->[com.google.android.gms:play-services-base:17.0.0] AndroidManifest.xml:26:13-72
81
82        <meta-data
82-->[com.google.android.gms:play-services-basement:17.0.0] AndroidManifest.xml:23:9-25:69
83            android:name="com.google.android.gms.version"
83-->[com.google.android.gms:play-services-basement:17.0.0] AndroidManifest.xml:24:13-58
84            android:value="@integer/google_play_services_version" />
84-->[com.google.android.gms:play-services-basement:17.0.0] AndroidManifest.xml:25:13-66
85    </application>
86
87</manifest>